<?xml version="1.0" encoding="UTF-8"?>
<!-- Generated by org.testng.reporters.JUnitXMLReporter -->
<testsuite hostname="DELL" ignored="0" name="Default test" tests="7" failures="0" timestamp="08 Feb 2019 12:22:42 GMT" time="9.028" errors="0">
  <testcase name="registering" time="4.848" classname="APIAutomationTesting.FullAPITest"/>
  <testcase name="login" time="0.489" classname="APIAutomationTesting.FullAPITest"/>
  <testcase name="gettingAllBlogs" time="0.66" classname="APIAutomationTesting.FullAPITest"/>
  <testcase name="postBlogs" time="0.95" classname="APIAutomationTesting.FullAPITest"/>
  <testcase name="gettingdefinedBlogs" time="0.46" classname="APIAutomationTesting.FullAPITest"/>
  <testcase name="updateBlogs" time="0.775" classname="APIAutomationTesting.FullAPITest"/>
  <testcase name="deleteBlogs" time="0.775" classname="APIAutomationTesting.FullAPITest"/>
</testsuite> <!-- Default test -->
